This file contains any messages produced by compilers while
running configure, to aid debugging if configure makes a mistake.

It was created by PHAVerLite configure 0.6, which was
generated by GNU Autoconf 2.71.  Invocation command line was

  $ ./configure

## --------- ##
## Platform. ##
## --------- ##

hostname = samtop
uname -m = x86_64
uname -r = 5.15.146.1-microsoft-standard-WSL2
uname -s = Linux
uname -v = #1 SMP Thu Jan 11 04:09:03 UTC 2024

/usr/bin/uname -p = x86_64
/bin/uname -X     = unknown

/bin/arch              = x86_64
/usr/bin/arch -k       = unknown
/usr/convex/getsysinfo = unknown
/usr/bin/hostinfo      = unknown
/bin/machine           = unknown
/usr/bin/oslevel       = unknown
/bin/universe          = unknown

PATH: /root/.cargo/bin/
PATH: /usr/local/sbin/
PATH: /usr/local/bin/
PATH: /usr/sbin/
PATH: /usr/bin/
PATH: /sbin/
PATH: /bin/
PATH: /usr/games/
PATH: /usr/local/games/
PATH: /usr/lib/wsl/lib/
PATH: /mnt/c/Program Files/Common Files/Oracle/Java/javapath/
PATH: /mnt/c/Program Files (x86)/Common Files/Oracle/Java/javapath/
PATH: /mnt/c/WINDOWS/system32/
PATH: /mnt/c/WINDOWS/
PATH: /mnt/c/WINDOWS/System32/Wbem/
PATH: /mnt/c/WINDOWS/System32/WindowsPowerShell/v1.0/
PATH: /mnt/c/WINDOWS/System32/OpenSSH/
PATH: /mnt/c/Program Files/MATLAB/R2023b/bin/
PATH: /mnt/c/Program Files/Git/cmd/
PATH: /mnt/c/Program Files/Calibre2/
PATH: /mnt/c/Program Files/nodejs/
PATH: /mnt/c/ProgramData/chocolatey/bin/
PATH: /mnt/c/Users/expre/AppData/Local/Programs/Python/Launcher/
PATH: /mnt/c/Users/expre/AppData/Local/Microsoft/WindowsApps/
PATH: /mnt/c/Users/expre/AppData/Local/Programs/Microsoft VS Code/bin/
PATH: /mnt/c/Users/expre/AppData/Local/GitHubDesktop/bin/
PATH: /mnt/c/iverilog/bin/
PATH: /mnt/c/iverilog/gtkwave/bin/
PATH: /mnt/c/Users/expre/AppData/Roaming/Amazon/
PATH: /mnt/c/Users/expre/AppData/Roaming/npm/
PATH: /snap/bin/


## ----------- ##
## Core tests. ##
## ----------- ##

configure:3015: looking for aux files: ltmain.sh compile missing install-sh config.guess config.sub
configure:3028:  trying ./
configure:3057:   ./ltmain.sh found
configure:3057:   ./compile found
configure:3057:   ./missing found
configure:3039:   ./install-sh found
configure:3057:   ./config.guess found
configure:3057:   ./config.sub found
configure:3179: checking build system type
configure:3194: result: x86_64-pc-linux-gnu
configure:3214: checking host system type
configure:3228: result: x86_64-pc-linux-gnu
configure:3266: checking for a BSD-compatible install
configure:3339: result: /usr/bin/install -c
configure:3350: checking whether build environment is sane
configure:3405: result: yes
configure:3564: checking for a race-free mkdir -p
configure:3608: result: /usr/bin/mkdir -p
configure:3615: checking for gawk
configure:3636: found /usr/bin/gawk
configure:3647: result: gawk
configure:3658: checking whether make sets $(MAKE)
configure:3681: result: yes
configure:3711: checking whether make supports nested variables
configure:3729: result: yes
configure:3957: checking for gcc
configure:3978: found /usr/bin/gcc
configure:3989: result: gcc
configure:4342: checking for C compiler version
configure:4351: gcc --version >&5
gcc (Ubuntu 11.4.0-1ubuntu1~22.04) 11.4.0
Copyright (C) 2021 Free Software Foundation, Inc.
This is free software; see the source for copying conditions.  There is NO
warranty; not even for MERCHANTABILITY or FITNESS FOR A PARTICULAR PURPOSE.

configure:4362: $? = 0
configure:4351: gcc -v >&5
Using built-in specs.
COLLECT_GCC=gcc
COLLECT_LTO_WRAPPER=/usr/lib/gcc/x86_64-linux-gnu/11/lto-wrapper
OFFLOAD_TARGET_NAMES=nvptx-none:amdgcn-amdhsa
OFFLOAD_TARGET_DEFAULT=1
Target: x86_64-linux-gnu
Configured with: ../src/configure -v --with-pkgversion='Ubuntu 11.4.0-1ubuntu1~22.04' --with-bugurl=file:///usr/share/doc/gcc-11/README.Bugs --enable-languages=c,ada,c++,go,brig,d,fortran,objc,obj-c++,m2 --prefix=/usr --with-gcc-major-version-only --program-suffix=-11 --program-prefix=x86_64-linux-gnu- --enable-shared --enable-linker-build-id --libexecdir=/usr/lib --without-included-gettext --enable-threads=posix --libdir=/usr/lib --enable-nls --enable-bootstrap --enable-clocale=gnu --enable-libstdcxx-debug --enable-libstdcxx-time=yes --with-default-libstdcxx-abi=new --enable-gnu-unique-object --disable-vtable-verify --enable-plugin --enable-default-pie --with-system-zlib --enable-libphobos-checking=release --with-target-system-zlib=auto --enable-objc-gc=auto --enable-multiarch --disable-werror --enable-cet --with-arch-32=i686 --with-abi=m64 --with-multilib-list=m32,m64,mx32 --enable-multilib --with-tune=generic --enable-offload-targets=nvptx-none=/build/gcc-11-XeT9lY/gcc-11-11.4.0/debian/tmp-nvptx/usr,amdgcn-amdhsa=/build/gcc-11-XeT9lY/gcc-11-11.4.0/debian/tmp-gcn/usr --without-cuda-driver --enable-checking=release --build=x86_64-linux-gnu --host=x86_64-linux-gnu --target=x86_64-linux-gnu --with-build-config=bootstrap-lto-lean --enable-link-serialization=2
Thread model: posix
Supported LTO compression algorithms: zlib zstd
gcc version 11.4.0 (Ubuntu 11.4.0-1ubuntu1~22.04) 
... rest of stderr output deleted ...
configure:4362: $? = 0
configure:4351: gcc -V >&5
gcc: error: unrecognized command-line option '-V'
gcc: fatal error: no input files
compilation terminated.
configure:4362: $? = 1
configure:4351: gcc -qversion >&5
gcc: error: unrecognized command-line option '-qversion'; did you mean '--version'?
gcc: fatal error: no input files
compilation terminated.
configure:4362: $? = 1
configure:4351: gcc -version >&5
gcc: error: unrecognized command-line option '-version'
gcc: fatal error: no input files
compilation terminated.
configure:4362: $? = 1
configure:4382: checking whether the C compiler works
configure:4404: gcc    conftest.c  >&5
configure:4408: $? = 0
configure:4458: result: yes
configure:4461: checking for C compiler default output file name
configure:4463: result: a.out
configure:4469: checking for suffix of executables
configure:4476: gcc -o conftest    conftest.c  >&5
configure:4480: $? = 0
configure:4503: result: 
configure:4525: checking whether we are cross compiling
configure:4533: gcc -o conftest    conftest.c  >&5
configure:4537: $? = 0
configure:4544: ./conftest
configure:4548: $? = 0
configure:4563: result: no
configure:4568: checking for suffix of object files
configure:4591: gcc -c   conftest.c >&5
configure:4595: $? = 0
configure:4617: result: o
configure:4621: checking whether the compiler supports GNU C
configure:4641: gcc -c   conftest.c >&5
configure:4641: $? = 0
configure:4651: result: yes
configure:4662: checking whether gcc accepts -g
configure:4683: gcc -c -g  conftest.c >&5
configure:4683: $? = 0
configure:4727: result: yes
configure:4747: checking for gcc option to enable C11 features
configure:4762: gcc  -c -g -O2  conftest.c >&5
configure:4762: $? = 0
configure:4780: result: none needed
configure:4896: checking whether gcc understands -c and -o together
configure:4919: gcc -c conftest.c -o conftest2.o
configure:4922: $? = 0
configure:4919: gcc -c conftest.c -o conftest2.o
configure:4922: $? = 0
configure:4934: result: yes
configure:4954: checking whether make supports the include directive
configure:4969: make -f confmf.GNU && cat confinc.out
this is the am__doit target
configure:4972: $? = 0
configure:4991: result: yes (GNU style)
configure:5017: checking dependency style of gcc
configure:5129: result: gcc3
configure:5225: checking for g++
configure:5246: found /usr/bin/g++
configure:5257: result: g++
configure:5284: checking for C++ compiler version
configure:5293: g++ --version >&5
g++ (Ubuntu 11.4.0-1ubuntu1~22.04) 11.4.0
Copyright (C) 2021 Free Software Foundation, Inc.
This is free software; see the source for copying conditions.  There is NO
warranty; not even for MERCHANTABILITY or FITNESS FOR A PARTICULAR PURPOSE.

configure:5304: $? = 0
configure:5293: g++ -v >&5
Using built-in specs.
COLLECT_GCC=g++
COLLECT_LTO_WRAPPER=/usr/lib/gcc/x86_64-linux-gnu/11/lto-wrapper
OFFLOAD_TARGET_NAMES=nvptx-none:amdgcn-amdhsa
OFFLOAD_TARGET_DEFAULT=1
Target: x86_64-linux-gnu
Configured with: ../src/configure -v --with-pkgversion='Ubuntu 11.4.0-1ubuntu1~22.04' --with-bugurl=file:///usr/share/doc/gcc-11/README.Bugs --enable-languages=c,ada,c++,go,brig,d,fortran,objc,obj-c++,m2 --prefix=/usr --with-gcc-major-version-only --program-suffix=-11 --program-prefix=x86_64-linux-gnu- --enable-shared --enable-linker-build-id --libexecdir=/usr/lib --without-included-gettext --enable-threads=posix --libdir=/usr/lib --enable-nls --enable-bootstrap --enable-clocale=gnu --enable-libstdcxx-debug --enable-libstdcxx-time=yes --with-default-libstdcxx-abi=new --enable-gnu-unique-object --disable-vtable-verify --enable-plugin --enable-default-pie --with-system-zlib --enable-libphobos-checking=release --with-target-system-zlib=auto --enable-objc-gc=auto --enable-multiarch --disable-werror --enable-cet --with-arch-32=i686 --with-abi=m64 --with-multilib-list=m32,m64,mx32 --enable-multilib --with-tune=generic --enable-offload-targets=nvptx-none=/build/gcc-11-XeT9lY/gcc-11-11.4.0/debian/tmp-nvptx/usr,amdgcn-amdhsa=/build/gcc-11-XeT9lY/gcc-11-11.4.0/debian/tmp-gcn/usr --without-cuda-driver --enable-checking=release --build=x86_64-linux-gnu --host=x86_64-linux-gnu --target=x86_64-linux-gnu --with-build-config=bootstrap-lto-lean --enable-link-serialization=2
Thread model: posix
Supported LTO compression algorithms: zlib zstd
gcc version 11.4.0 (Ubuntu 11.4.0-1ubuntu1~22.04) 
... rest of stderr output deleted ...
configure:5304: $? = 0
configure:5293: g++ -V >&5
g++: error: unrecognized command-line option '-V'
g++: fatal error: no input files
compilation terminated.
configure:5304: $? = 1
configure:5293: g++ -qversion >&5
g++: error: unrecognized command-line option '-qversion'; did you mean '--version'?
g++: fatal error: no input files
compilation terminated.
configure:5304: $? = 1
configure:5308: checking whether the compiler supports GNU C++
configure:5328: g++ -c   conftest.cpp >&5
configure:5328: $? = 0
configure:5338: result: yes
configure:5349: checking whether g++ accepts -g
configure:5370: g++ -c -g  conftest.cpp >&5
configure:5370: $? = 0
configure:5414: result: yes
configure:5434: checking for g++ option to enable C++11 features
configure:5449: g++  -c -g -O2  conftest.cpp >&5
conftest.cpp: In function 'int main(int, char**)':
conftest.cpp:175:25: warning: empty parentheses were disambiguated as a function declaration [-Wvexing-parse]
  175 |   cxx11test::delegate d2();
      |                         ^~
conftest.cpp:175:25: note: remove parentheses to default-initialize a variable
  175 |   cxx11test::delegate d2();
      |                         ^~
      |                         --
conftest.cpp:175:25: note: or replace parentheses with braces to value-initialize a variable
configure:5449: $? = 0
configure:5467: result: none needed
configure:5533: checking dependency style of g++
configure:5645: result: gcc3
configure:5680: checking whether g++ supports C++17 features with -std=c++17
configure:6481: g++ -std=c++17 -c   conftest.cpp >&5
configure:6481: $? = 0
configure:6491: result: yes
configure:6536: checking how to run the C++ preprocessor
configure:6558: g++ -std=c++17 -E  conftest.cpp
configure:6558: $? = 0
configure:6573: g++ -std=c++17 -E  conftest.cpp
conftest.cpp:10:10: fatal error: ac_nonexistent.h: No such file or directory
   10 | #include <ac_nonexistent.h>
      |          ^~~~~~~~~~~~~~~~~~
compilation terminated.
configure:6573: $? = 1
configure: failed program was:
| /* confdefs.h */
| #define PACKAGE_NAME "PHAVerLite"
| #define PACKAGE_TARNAME "phaverlite"
| #define PACKAGE_VERSION "0.6"
| #define PACKAGE_STRING "PHAVerLite 0.6"
| #define PACKAGE_BUGREPORT "enea.zaffanella@unipr.it"
| #define PACKAGE_URL ""
| #define HAVE_CXX17 1
| /* end confdefs.h.  */
| #include <ac_nonexistent.h>
configure:6600: result: g++ -std=c++17 -E
configure:6614: g++ -std=c++17 -E  conftest.cpp
configure:6614: $? = 0
configure:6629: g++ -std=c++17 -E  conftest.cpp
conftest.cpp:10:10: fatal error: ac_nonexistent.h: No such file or directory
   10 | #include <ac_nonexistent.h>
      |          ^~~~~~~~~~~~~~~~~~
compilation terminated.
configure:6629: $? = 1
configure: failed program was:
| /* confdefs.h */
| #define PACKAGE_NAME "PHAVerLite"
| #define PACKAGE_TARNAME "phaverlite"
| #define PACKAGE_VERSION "0.6"
| #define PACKAGE_STRING "PHAVerLite 0.6"
| #define PACKAGE_BUGREPORT "enea.zaffanella@unipr.it"
| #define PACKAGE_URL ""
| #define HAVE_CXX17 1
| /* end confdefs.h.  */
| #include <ac_nonexistent.h>
configure:6665: checking for bison
configure:6700: result: no
configure:6665: checking for byacc
configure:6700: result: no
configure:6714: checking for flex
configure:6749: result: no
configure:6714: checking for lex
configure:6749: result: no
configure:6935: checking whether to compile with debug info
configure:6945: result: yes
configure:6967: checking whether to enable checking of run-time assertions
configure:6981: result: no
configure:7010: checking whether to enable optimizations
configure:7038: result: standard
configure:7058: checking for which architecture to optimize
configure:7082: result: default
configure:7163: checking how to print strings
configure:7190: result: printf
configure:7211: checking for a sed that does not truncate output
configure:7281: result: /usr/bin/sed
configure:7299: checking for grep that handles long lines and -e
configure:7363: result: /usr/bin/grep
configure:7368: checking for egrep
configure:7436: result: /usr/bin/grep -E
configure:7441: checking for fgrep
configure:7509: result: /usr/bin/grep -F
configure:7545: checking for ld used by gcc
configure:7613: result: /usr/bin/ld
configure:7620: checking if the linker (/usr/bin/ld) is GNU ld
configure:7636: result: yes
configure:7648: checking for BSD- or MS-compatible name lister (nm)
configure:7703: result: /usr/bin/nm -B
configure:7843: checking the name lister (/usr/bin/nm -B) interface
configure:7851: gcc -c  -g -O2   conftest.c >&5
configure:7854: /usr/bin/nm -B "conftest.o"
configure:7857: output
0000000000000000 B some_variable
configure:7864: result: BSD nm
configure:7867: checking whether ln -s works
configure:7871: result: yes
configure:7879: checking the maximum length of command line arguments
configure:8011: result: 1572864
configure:8059: checking how to convert x86_64-pc-linux-gnu file names to x86_64-pc-linux-gnu format
configure:8100: result: func_convert_file_noop
configure:8107: checking how to convert x86_64-pc-linux-gnu file names to toolchain format
configure:8128: result: func_convert_file_noop
configure:8135: checking for /usr/bin/ld option to reload object files
configure:8143: result: -r
configure:8222: checking for objdump
configure:8243: found /usr/bin/objdump
configure:8254: result: objdump
configure:8286: checking how to recognize dependent libraries
configure:8487: result: pass_all
configure:8577: checking for dlltool
configure:8612: result: no
configure:8642: checking how to associate runtime and link libraries
configure:8670: result: printf %s\n
configure:8735: checking for ar
configure:8756: found /usr/bin/ar
configure:8767: result: ar
configure:8804: checking for archiver @FILE support
configure:8822: gcc -c  -g -O2   conftest.c >&5
configure:8822: $? = 0
configure:8826: ar cru libconftest.a @conftest.lst >&5
ar: `u' modifier ignored since `D' is the default (see `U')
configure:8829: $? = 0
configure:8834: ar cru libconftest.a @conftest.lst >&5
ar: `u' modifier ignored since `D' is the default (see `U')
ar: conftest.o: No such file or directory
configure:8837: $? = 1
configure:8849: result: @
configure:8912: checking for strip
configure:8933: found /usr/bin/strip
configure:8944: result: strip
configure:9021: checking for ranlib
configure:9042: found /usr/bin/ranlib
configure:9053: result: ranlib
configure:9155: checking command to parse /usr/bin/nm -B output from gcc object
configure:9309: gcc -c  -g -O2   conftest.c >&5
configure:9312: $? = 0
configure:9316: /usr/bin/nm -B conftest.o \| sed -n -e 's/^.*[ ]\([ABCDGIRSTW][ABCDGIRSTW]*\)[ ][ ]*\([_A-Za-z][_A-Za-z0-9]*\)$/\1 \2 \2/p' | sed '/ __gnu_lto/d' \> conftest.nm
configure:9319: $? = 0
configure:9385: gcc -o conftest  -g -O2    conftest.c conftstm.o >&5
configure:9388: $? = 0
configure:9426: result: ok
configure:9473: checking for sysroot
configure:9504: result: no
configure:9511: checking for a working dd
configure:9555: result: /usr/bin/dd
configure:9559: checking how to truncate binary pipes
configure:9575: result: /usr/bin/dd bs=4096 count=1
configure:9712: gcc -c  -g -O2   conftest.c >&5
configure:9715: $? = 0
configure:9912: checking for mt
configure:9933: found /usr/bin/mt
configure:9944: result: mt
configure:9967: checking if mt is a manifest tool
configure:9974: mt '-?'
configure:9982: result: no
configure:10712: checking for stdio.h
configure:10712: gcc -c  -g -O2   conftest.c >&5
configure:10712: $? = 0
configure:10712: result: yes
configure:10712: checking for stdlib.h
configure:10712: gcc -c  -g -O2   conftest.c >&5
configure:10712: $? = 0
configure:10712: result: yes
configure:10712: checking for string.h
configure:10712: gcc -c  -g -O2   conftest.c >&5
configure:10712: $? = 0
configure:10712: result: yes
configure:10712: checking for inttypes.h
configure:10712: gcc -c  -g -O2   conftest.c >&5
configure:10712: $? = 0
configure:10712: result: yes
configure:10712: checking for stdint.h
configure:10712: gcc -c  -g -O2   conftest.c >&5
configure:10712: $? = 0
configure:10712: result: yes
configure:10712: checking for strings.h
configure:10712: gcc -c  -g -O2   conftest.c >&5
configure:10712: $? = 0
configure:10712: result: yes
configure:10712: checking for sys/stat.h
configure:10712: gcc -c  -g -O2   conftest.c >&5
configure:10712: $? = 0
configure:10712: result: yes
configure:10712: checking for sys/types.h
configure:10712: gcc -c  -g -O2   conftest.c >&5
configure:10712: $? = 0
configure:10712: result: yes
configure:10712: checking for unistd.h
configure:10712: gcc -c  -g -O2   conftest.c >&5
configure:10712: $? = 0
configure:10712: result: yes
configure:10737: checking for dlfcn.h
configure:10737: gcc -c  -g -O2   conftest.c >&5
configure:10737: $? = 0
configure:10737: result: yes
configure:11005: checking for objdir
configure:11021: result: .libs
configure:11285: checking if gcc supports -fno-rtti -fno-exceptions
configure:11304: gcc -c  -g -O2   -fno-rtti -fno-exceptions conftest.c >&5
cc1: warning: command-line option '-fno-rtti' is valid for C++/D/ObjC++ but not for C
configure:11308: $? = 0
configure:11321: result: no
configure:11679: checking for gcc option to produce PIC
configure:11687: result: -fPIC -DPIC
configure:11695: checking if gcc PIC flag -fPIC -DPIC works
configure:11714: gcc -c  -g -O2   -fPIC -DPIC -DPIC conftest.c >&5
configure:11718: $? = 0
configure:11731: result: yes
configure:11760: checking if gcc static flag -static works
configure:11789: result: yes
configure:11804: checking if gcc supports -c -o file.o
configure:11826: gcc -c  -g -O2   -o out/conftest2.o conftest.c >&5
configure:11830: $? = 0
configure:11852: result: yes
configure:11860: checking if gcc supports -c -o file.o
configure:11908: result: yes
configure:11941: checking whether the gcc linker (/usr/bin/ld -m elf_x86_64) supports shared libraries
configure:13211: result: yes
configure:13248: checking whether -lc should be explicitly linked in
configure:13257: gcc -c  -g -O2   conftest.c >&5
configure:13260: $? = 0
configure:13275: gcc -shared  -fPIC -DPIC conftest.o  -v -Wl,-soname -Wl,conftest -o conftest 2\>\&1 \| /usr/bin/grep  -lc  \>/dev/null 2\>\&1
configure:13278: $? = 0
configure:13292: result: no
configure:13452: checking dynamic linker characteristics
configure:14034: gcc -o conftest  -g -O2    -Wl,-rpath -Wl,/foo conftest.c  >&5
configure:14034: $? = 0
configure:14285: result: GNU/Linux ld.so
configure:14407: checking how to hardcode library paths into programs
configure:14432: result: immediate
configure:14534: checking for shl_load
configure:14534: gcc -o conftest  -g -O2    conftest.c  >&5
/usr/bin/ld: /tmp/ccIrtSdF.o: in function `main':
/home/sunix/522_lab3/phaverlite-0.6/conftest.c:50: undefined reference to `shl_load'
collect2: error: ld returned 1 exit status
configure:14534: $? = 1
configure: failed program was:
| /* confdefs.h */
| #define PACKAGE_NAME "PHAVerLite"
| #define PACKAGE_TARNAME "phaverlite"
| #define PACKAGE_VERSION "0.6"
| #define PACKAGE_STRING "PHAVerLite 0.6"
| #define PACKAGE_BUGREPORT "enea.zaffanella@unipr.it"
| #define PACKAGE_URL ""
| #define HAVE_CXX17 1
| #define PHAVERLITE_NDEBUG 1
| #define HAVE_STDIO_H 1
| #define HAVE_STDLIB_H 1
| #define HAVE_STRING_H 1
| #define HAVE_INTTYPES_H 1
| #define HAVE_STDINT_H 1
| #define HAVE_STRINGS_H 1
| #define HAVE_SYS_STAT_H 1
| #define HAVE_SYS_TYPES_H 1
| #define HAVE_UNISTD_H 1
| #define STDC_HEADERS 1
| #define HAVE_DLFCN_H 1
| #define LT_OBJDIR ".libs/"
| /* end confdefs.h.  */
| /* Define shl_load to an innocuous variant, in case <limits.h> declares shl_load.
|    For example, HP-UX 11i <limits.h> declares gettimeofday.  */
| #define shl_load innocuous_shl_load
| 
| /* System header to define __stub macros and hopefully few prototypes,
|    which can conflict with char shl_load (); below.  */
| 
| #include <limits.h>
| #undef shl_load
| 
| /* Override any GCC internal prototype to avoid an error.
|    Use char because int might match the return type of a GCC
|    builtin and then its argument prototype would still apply.  */
| #ifdef __cplusplus
| extern "C"
| #endif
| char shl_load ();
| /* The GNU C library defines this for functions which it implements
|     to always fail with ENOSYS.  Some functions are actually named
|     something starting with __ and the normal name is an alias.  */
| #if defined __stub_shl_load || defined __stub___shl_load
| choke me
| #endif
| 
| int
| main (void)
| {
| return shl_load ();
|   ;
|   return 0;
| }
configure:14534: result: no
configure:14539: checking for shl_load in -ldld
configure:14562: gcc -o conftest  -g -O2    conftest.c -ldld   >&5
/usr/bin/ld: cannot find -ldld: No such file or directory
collect2: error: ld returned 1 exit status
configure:14562: $? = 1
configure: failed program was:
| /* confdefs.h */
| #define PACKAGE_NAME "PHAVerLite"
| #define PACKAGE_TARNAME "phaverlite"
| #define PACKAGE_VERSION "0.6"
| #define PACKAGE_STRING "PHAVerLite 0.6"
| #define PACKAGE_BUGREPORT "enea.zaffanella@unipr.it"
| #define PACKAGE_URL ""
| #define HAVE_CXX17 1
| #define PHAVERLITE_NDEBUG 1
| #define HAVE_STDIO_H 1
| #define HAVE_STDLIB_H 1
| #define HAVE_STRING_H 1
| #define HAVE_INTTYPES_H 1
| #define HAVE_STDINT_H 1
| #define HAVE_STRINGS_H 1
| #define HAVE_SYS_STAT_H 1
| #define HAVE_SYS_TYPES_H 1
| #define HAVE_UNISTD_H 1
| #define STDC_HEADERS 1
| #define HAVE_DLFCN_H 1
| #define LT_OBJDIR ".libs/"
| /* end confdefs.h.  */
| 
| /* Override any GCC internal prototype to avoid an error.
|    Use char because int might match the return type of a GCC
|    builtin and then its argument prototype would still apply.  */
| char shl_load ();
| int
| main (void)
| {
| return shl_load ();
|   ;
|   return 0;
| }
configure:14572: result: no
configure:14578: checking for dlopen
configure:14578: gcc -o conftest  -g -O2    conftest.c  >&5
configure:14578: $? = 0
configure:14578: result: yes
configure:14736: checking whether a program can dlopen itself
configure:14817: gcc -o conftest  -g -O2   -DHAVE_DLFCN_H  -Wl,--export-dynamic conftest.c   >&5
configure:14820: $? = 0
configure:14838: result: yes
configure:14843: checking whether a statically linked program can dlopen itself
configure:14924: gcc -o conftest  -g -O2   -DHAVE_DLFCN_H  -Wl,--export-dynamic -static conftest.c   >&5
/usr/bin/ld: /tmp/cc9uqu8K.o: in function `main':
/home/sunix/522_lab3/phaverlite-0.6/configure:14903: warning: Using 'dlopen' in statically linked applications requires at runtime the shared libraries from the glibc version used for linking
configure:14927: $? = 0
conftest: undefined symbol: _fnord
configure:14945: result: no
configure:14984: checking whether stripping libraries is possible
configure:14989: result: yes
configure:15024: checking if libtool supports shared libraries
configure:15026: result: yes
configure:15029: checking whether to build shared libraries
configure:15054: result: yes
configure:15057: checking whether to build static libraries
configure:15061: result: yes
configure:15084: checking how to run the C++ preprocessor
configure:15148: result: g++ -std=c++17 -E
configure:15162: g++ -std=c++17 -E  conftest.cpp
configure:15162: $? = 0
configure:15177: g++ -std=c++17 -E  conftest.cpp
conftest.cpp:23:10: fatal error: ac_nonexistent.h: No such file or directory
   23 | #include <ac_nonexistent.h>
      |          ^~~~~~~~~~~~~~~~~~
compilation terminated.
configure:15177: $? = 1
configure: failed program was:
| /* confdefs.h */
| #define PACKAGE_NAME "PHAVerLite"
| #define PACKAGE_TARNAME "phaverlite"
| #define PACKAGE_VERSION "0.6"
| #define PACKAGE_STRING "PHAVerLite 0.6"
| #define PACKAGE_BUGREPORT "enea.zaffanella@unipr.it"
| #define PACKAGE_URL ""
| #define HAVE_CXX17 1
| #define PHAVERLITE_NDEBUG 1
| #define HAVE_STDIO_H 1
| #define HAVE_STDLIB_H 1
| #define HAVE_STRING_H 1
| #define HAVE_INTTYPES_H 1
| #define HAVE_STDINT_H 1
| #define HAVE_STRINGS_H 1
| #define HAVE_SYS_STAT_H 1
| #define HAVE_SYS_TYPES_H 1
| #define HAVE_UNISTD_H 1
| #define STDC_HEADERS 1
| #define HAVE_DLFCN_H 1
| #define LT_OBJDIR ".libs/"
| /* end confdefs.h.  */
| #include <ac_nonexistent.h>
configure:15342: checking for ld used by g++ -std=c++17
configure:15410: result: /usr/bin/ld -m elf_x86_64
configure:15417: checking if the linker (/usr/bin/ld -m elf_x86_64) is GNU ld
configure:15433: result: yes
configure:15488: checking whether the g++ -std=c++17 linker (/usr/bin/ld -m elf_x86_64) supports shared libraries
configure:16565: result: yes
configure:16601: g++ -std=c++17 -c  -g -O2   conftest.cpp >&5
configure:16604: $? = 0
configure:17085: checking for g++ -std=c++17 option to produce PIC
configure:17093: result: -fPIC -DPIC
configure:17101: checking if g++ -std=c++17 PIC flag -fPIC -DPIC works
configure:17120: g++ -std=c++17 -c  -g -O2   -fPIC -DPIC -DPIC conftest.cpp >&5
configure:17124: $? = 0
configure:17137: result: yes
configure:17160: checking if g++ -std=c++17 static flag -static works
configure:17189: result: yes
configure:17201: checking if g++ -std=c++17 supports -c -o file.o
configure:17223: g++ -std=c++17 -c  -g -O2   -o out/conftest2.o conftest.cpp >&5
configure:17227: $? = 0
configure:17249: result: yes
configure:17254: checking if g++ -std=c++17 supports -c -o file.o
configure:17302: result: yes
configure:17332: checking whether the g++ -std=c++17 linker (/usr/bin/ld -m elf_x86_64) supports shared libraries
configure:17375: result: yes
configure:17517: checking dynamic linker characteristics
configure:18277: result: GNU/Linux ld.so
configure:18342: checking how to hardcode library paths into programs
configure:18367: result: immediate
configure:18432: creating ./config.lt

## ------------------ ##
## Running config.lt. ##
## ------------------ ##
config.lt:676: creating libtool
configure:20051: checking for the GMP library version 4.1.3 or above
configure:20142: ./libtool --mode=link --tag=CXX g++ -std=c++17 -o conftest  -g -O2  -Wall -Wextra    conftest.cpp   -lgmpxx -lgmp >&5
libtool: link: g++ -std=c++17 -o conftest -g -O2 -Wall -Wextra conftest.cpp  -lgmpxx -lgmp
conftest.cpp:24:10: fatal error: gmpxx.h: No such file or directory
   24 | #include <gmpxx.h>
      |          ^~~~~~~~~
compilation terminated.
configure:20142: $? = 1
configure: program exited with status 1
configure: failed program was:
| /* confdefs.h */
| #define PACKAGE_NAME "PHAVerLite"
| #define PACKAGE_TARNAME "phaverlite"
| #define PACKAGE_VERSION "0.6"
| #define PACKAGE_STRING "PHAVerLite 0.6"
| #define PACKAGE_BUGREPORT "enea.zaffanella@unipr.it"
| #define PACKAGE_URL ""
| #define HAVE_CXX17 1
| #define PHAVERLITE_NDEBUG 1
| #define HAVE_STDIO_H 1
| #define HAVE_STDLIB_H 1
| #define HAVE_STRING_H 1
| #define HAVE_INTTYPES_H 1
| #define HAVE_STDINT_H 1
| #define HAVE_STRINGS_H 1
| #define HAVE_SYS_STAT_H 1
| #define HAVE_SYS_TYPES_H 1
| #define HAVE_UNISTD_H 1
| #define STDC_HEADERS 1
| #define HAVE_DLFCN_H 1
| #define LT_OBJDIR ".libs/"
| /* end confdefs.h.  */
| 
| #include <gmpxx.h>
| #include <climits>
| #include <string>
| #include <sstream>
| #include <iostream>
| 
| #if __GNU_MP_VERSION < 4 || (__GNU_MP_VERSION == 4 && __GNU_MP_VERSION_MINOR < 1) || (__GNU_MP_VERSION == 4 && __GNU_MP_VERSION_MINOR == 1 && __GNU_MP_VERSION_PATCHLEVEL < 3)
| #GMP version 4.1.3 or higher is required
| #endif
| 
| #ifndef BITS_PER_MP_LIMB
| #define BITS_PER_MP_LIMB GMP_LIMB_BITS
| #endif
| 
| int
| main() {
|   std::string header_version;
|   {
|     std::ostringstream s(header_version);
|     s << __GNU_MP_VERSION << "." << __GNU_MP_VERSION_MINOR;
|     // Starting from GMP version 4.3.0, the gmp_version variable
|     // always contains three parts.  In previous versions the
|     // patchlevel was omitted if it was 0.
|     if (__GNU_MP_VERSION_PATCHLEVEL != 0
|         || __GNU_MP_VERSION > 4
|         || (__GNU_MP_VERSION == 4 && __GNU_MP_VERSION_MINOR >= 3))
|       s << "." << __GNU_MP_VERSION_PATCHLEVEL;
|     header_version = s.str();
|   }
| 
|   std::string library_version = gmp_version;
| 
|   if (header_version != library_version) {
|     std::cerr
|       << "GMP header (gmpxx.h) and library (ligmpxx.*) version mismatch:\n"
|       << "header gives " << header_version << ";\n"
|       << "library gives " << library_version << "." << std::endl;
|     return 1;
|   }
| 
|   if (sizeof(mp_limb_t)*CHAR_BIT != BITS_PER_MP_LIMB
|       || BITS_PER_MP_LIMB != mp_bits_per_limb) {
|     std::cerr
|       << "GMP header (gmpxx.h) and library (ligmpxx.*) bits-per-limb mismatch:\n"
|       << "header gives " << BITS_PER_MP_LIMB << ";\n"
|       << "library gives " << mp_bits_per_limb << ".\n"
|       << "This probably means you are on a bi-arch system and\n"
|       << "you are compiling with the wrong header or linking with\n"
|       << "the wrong library." << std::endl;
|     return 1;
|   }
| 
|   mpz_class n("3141592653589793238462643383279502884");
|   return 0;
| }
| 
configure:20148: result: no
configure:20212: error: Cannot find GMP version 4.1.3 or higher.

## ---------------- ##
## Cache variables. ##
## ---------------- ##

ac_cv_build=x86_64-pc-linux-gnu
ac_cv_c_compiler_gnu=yes
ac_cv_cxx_compiler_gnu=yes
ac_cv_env_CCC_set=
ac_cv_env_CCC_value=
ac_cv_env_CC_set=
ac_cv_env_CC_value=
ac_cv_env_CFLAGS_set=
ac_cv_env_CFLAGS_value=
ac_cv_env_CPPFLAGS_set=
ac_cv_env_CPPFLAGS_value=
ac_cv_env_CXXCPP_set=
ac_cv_env_CXXCPP_value=
ac_cv_env_CXXFLAGS_set=
ac_cv_env_CXXFLAGS_value=
ac_cv_env_CXX_set=
ac_cv_env_CXX_value=
ac_cv_env_LDFLAGS_set=
ac_cv_env_LDFLAGS_value=
ac_cv_env_LIBS_set=
ac_cv_env_LIBS_value=
ac_cv_env_LT_SYS_LIBRARY_PATH_set=
ac_cv_env_LT_SYS_LIBRARY_PATH_value=
ac_cv_env_YACC_set=
ac_cv_env_YACC_value=
ac_cv_env_YFLAGS_set=
ac_cv_env_YFLAGS_value=
ac_cv_env_build_alias_set=
ac_cv_env_build_alias_value=
ac_cv_env_host_alias_set=
ac_cv_env_host_alias_value=
ac_cv_env_target_alias_set=
ac_cv_env_target_alias_value=
ac_cv_func_dlopen=yes
ac_cv_func_shl_load=no
ac_cv_have_gmp=no
ac_cv_header_dlfcn_h=yes
ac_cv_header_inttypes_h=yes
ac_cv_header_stdint_h=yes
ac_cv_header_stdio_h=yes
ac_cv_header_stdlib_h=yes
ac_cv_header_string_h=yes
ac_cv_header_strings_h=yes
ac_cv_header_sys_stat_h=yes
ac_cv_header_sys_types_h=yes
ac_cv_header_unistd_h=yes
ac_cv_host=x86_64-pc-linux-gnu
ac_cv_lib_dld_shl_load=no
ac_cv_objext=o
ac_cv_path_EGREP='/usr/bin/grep -E'
ac_cv_path_FGREP='/usr/bin/grep -F'
ac_cv_path_GREP=/usr/bin/grep
ac_cv_path_SED=/usr/bin/sed
ac_cv_path_install='/usr/bin/install -c'
ac_cv_path_lt_DD=/usr/bin/dd
ac_cv_path_mkdir=/usr/bin/mkdir
ac_cv_prog_AWK=gawk
ac_cv_prog_CXXCPP='g++ -std=c++17 -E'
ac_cv_prog_ac_ct_AR=ar
ac_cv_prog_ac_ct_CC=gcc
ac_cv_prog_ac_ct_CXX=g++
ac_cv_prog_ac_ct_MANIFEST_TOOL=mt
ac_cv_prog_ac_ct_OBJDUMP=objdump
ac_cv_prog_ac_ct_RANLIB=ranlib
ac_cv_prog_ac_ct_STRIP=strip
ac_cv_prog_cc_c11=
ac_cv_prog_cc_g=yes
ac_cv_prog_cc_stdc=
ac_cv_prog_cxx_11=no
ac_cv_prog_cxx_cxx11=
ac_cv_prog_cxx_g=yes
ac_cv_prog_cxx_stdcxx=
ac_cv_prog_make_make_set=yes
am_cv_CC_dependencies_compiler_type=gcc3
am_cv_CXX_dependencies_compiler_type=gcc3
am_cv_make_support_nested_variables=yes
am_cv_prog_cc_c_o=yes
ax_cv_cxx_compile_cxx17__std_cpp17=yes
lt_cv_ar_at_file=@
lt_cv_archive_cmds_need_lc=no
lt_cv_deplibs_check_method=pass_all
lt_cv_dlopen=dlopen
lt_cv_dlopen_libs=
lt_cv_dlopen_self=yes
lt_cv_dlopen_self_static=no
lt_cv_file_magic_cmd='$MAGIC_CMD'
lt_cv_file_magic_test_file=
lt_cv_ld_reload_flag=-r
lt_cv_nm_interface='BSD nm'
lt_cv_objdir=.libs
lt_cv_path_LD=/usr/bin/ld
lt_cv_path_LDCXX='/usr/bin/ld -m elf_x86_64'
lt_cv_path_NM='/usr/bin/nm -B'
lt_cv_path_mainfest_tool=no
lt_cv_prog_compiler_c_o=yes
lt_cv_prog_compiler_c_o_CXX=yes
lt_cv_prog_compiler_pic='-fPIC -DPIC'
lt_cv_prog_compiler_pic_CXX='-fPIC -DPIC'
lt_cv_prog_compiler_pic_works=yes
lt_cv_prog_compiler_pic_works_CXX=yes
lt_cv_prog_compiler_rtti_exceptions=no
lt_cv_prog_compiler_static_works=yes
lt_cv_prog_compiler_static_works_CXX=yes
lt_cv_prog_gnu_ld=yes
lt_cv_prog_gnu_ldcxx=yes
lt_cv_sharedlib_from_linklib_cmd='printf %s\n'
lt_cv_shlibpath_overrides_runpath=yes
lt_cv_sys_global_symbol_pipe='sed -n -e '\''s/^.*[	 ]\([ABCDGIRSTW][ABCDGIRSTW]*\)[	 ][	 ]*\([_A-Za-z][_A-Za-z0-9]*\)$/\1 \2 \2/p'\'' | sed '\''/ __gnu_lto/d'\'''
lt_cv_sys_global_symbol_to_c_name_address='sed -n -e '\''s/^: \(.*\) .*$/  {"\1", (void *) 0},/p'\'' -e '\''s/^[ABCDGIRSTW][ABCDGIRSTW]* .* \(.*\)$/  {"\1", (void *) \&\1},/p'\'''
lt_cv_sys_global_symbol_to_c_name_address_lib_prefix='sed -n -e '\''s/^: \(.*\) .*$/  {"\1", (void *) 0},/p'\'' -e '\''s/^[ABCDGIRSTW][ABCDGIRSTW]* .* \(lib.*\)$/  {"\1", (void *) \&\1},/p'\'' -e '\''s/^[ABCDGIRSTW][ABCDGIRSTW]* .* \(.*\)$/  {"lib\1", (void *) \&\1},/p'\'''
lt_cv_sys_global_symbol_to_cdecl='sed -n -e '\''s/^T .* \(.*\)$/extern int \1();/p'\'' -e '\''s/^[ABCDGIRSTW][ABCDGIRSTW]* .* \(.*\)$/extern char \1;/p'\'''
lt_cv_sys_global_symbol_to_import=
lt_cv_sys_max_cmd_len=1572864
lt_cv_to_host_file_cmd=func_convert_file_noop
lt_cv_to_tool_file_cmd=func_convert_file_noop
lt_cv_truncate_bin='/usr/bin/dd bs=4096 count=1'

## ----------------- ##
## Output variables. ##
## ----------------- ##

ACLOCAL='${SHELL} '\''/home/sunix/522_lab3/phaverlite-0.6/missing'\'' aclocal-1.16'
AMDEPBACKSLASH='\'
AMDEP_FALSE='#'
AMDEP_TRUE=''
AMTAR='$${TAR-tar}'
AM_BACKSLASH='\'
AM_DEFAULT_V='$(AM_DEFAULT_VERBOSITY)'
AM_DEFAULT_VERBOSITY='1'
AM_V='$(V)'
AR='ar'
ASSERTIONS_ENABLED_FALSE=''
ASSERTIONS_ENABLED_TRUE='#'
AUTOCONF='${SHELL} '\''/home/sunix/522_lab3/phaverlite-0.6/missing'\'' autoconf'
AUTOHEADER='${SHELL} '\''/home/sunix/522_lab3/phaverlite-0.6/missing'\'' autoheader'
AUTOMAKE='${SHELL} '\''/home/sunix/522_lab3/phaverlite-0.6/missing'\'' automake-1.16'
AWK='gawk'
CC='gcc'
CCDEPMODE='depmode=gcc3'
CFLAGS=' -g -O2  -Wall -Wextra'
CPPFLAGS=''
CSCOPE='cscope'
CTAGS='ctags'
CXX='g++ -std=c++17'
CXXCPP='g++ -std=c++17 -E'
CXXDEPMODE='depmode=gcc3'
CXXFLAGS=' -g -O2  -Wall -Wextra'
CYGPATH_W='echo'
DEBUGGING_ENABLED_FALSE='#'
DEBUGGING_ENABLED_TRUE=''
DEFS=''
DEPDIR='.deps'
DLLTOOL='false'
DSYMUTIL=''
DUMPBIN=''
ECHO_C=''
ECHO_N='-n'
ECHO_T=''
EGREP='/usr/bin/grep -E'
ETAGS='etags'
EXEEXT=''
FGREP='/usr/bin/grep -F'
GCC_FALSE='#'
GCC_TRUE=''
GREP='/usr/bin/grep'
HAVE_CXX17='1'
INSTALL_DATA='${INSTALL} -m 644'
INSTALL_PROGRAM='${INSTALL}'
INSTALL_SCRIPT='${INSTALL}'
INSTALL_STRIP_PROGRAM='$(install_sh) -c -s'
ISODATE='2024-04-09'
LD='/usr/bin/ld -m elf_x86_64'
LDFLAGS=''
LEX=':'
LEXLIB=''
LEX_OUTPUT_ROOT=''
LIBOBJS=''
LIBS=''
LIBTOOL='$(SHELL) $(top_builddir)/libtool'
LIPO=''
LN_S='ln -s'
LTLIBOBJS=''
LT_SYS_LIBRARY_PATH=''
MAKEINFO='${SHELL} '\''/home/sunix/522_lab3/phaverlite-0.6/missing'\'' makeinfo'
MANIFEST_TOOL=':'
MKDIR_P='/usr/bin/mkdir -p'
NM='/usr/bin/nm -B'
NMEDIT=''
OBJDUMP='objdump'
OBJEXT='o'
OTOOL64=''
OTOOL=''
PACKAGE='phaverlite'
PACKAGE_BUGREPORT='enea.zaffanella@unipr.it'
PACKAGE_NAME='PHAVerLite'
PACKAGE_STRING='PHAVerLite 0.6'
PACKAGE_TARNAME='phaverlite'
PACKAGE_URL=''
PACKAGE_VERSION='0.6'
PATH_SEPARATOR=':'
RANLIB='ranlib'
SED='/usr/bin/sed'
SET_MAKE=''
SHELL='/bin/bash'
STRIP='strip'
VERSION='0.6'
YACC='yacc'
YFLAGS=''
ac_ct_AR='ar'
ac_ct_CC='gcc'
ac_ct_CXX='g++'
ac_ct_DUMPBIN=''
am__EXEEXT_FALSE=''
am__EXEEXT_TRUE=''
am__fastdepCC_FALSE='#'
am__fastdepCC_TRUE=''
am__fastdepCXX_FALSE='#'
am__fastdepCXX_TRUE=''
am__include='include'
am__isrc=''
am__leading_dot='.'
am__nodep='_no'
am__quote=''
am__tar='$${TAR-tar} chof - "$$tardir"'
am__untar='$${TAR-tar} xf -'
bindir='${exec_prefix}/bin'
build='x86_64-pc-linux-gnu'
build_alias=''
build_cpu='x86_64'
build_os='linux-gnu'
build_vendor='pc'
datadir='${datarootdir}'
datarootdir='${prefix}/share'
debug_flag='-DNDEBUG=1'
docdir='${datarootdir}/doc/${PACKAGE_TARNAME}'
dvidir='${docdir}'
exec_prefix='NONE'
extra_includes=''
extra_libraries=''
host='x86_64-pc-linux-gnu'
host_alias=''
host_cpu='x86_64'
host_os='linux-gnu'
host_vendor='pc'
htmldir='${docdir}'
includedir='${prefix}/include'
infodir='${datarootdir}/info'
install_sh='${SHELL} /home/sunix/522_lab3/phaverlite-0.6/install-sh'
libdir='${exec_prefix}/lib'
libexecdir='${exec_prefix}/libexec'
localedir='${datarootdir}/locale'
localstatedir='${prefix}/var'
mandir='${datarootdir}/man'
mkdir_p='$(MKDIR_P)'
oldincludedir='/usr/include'
pdfdir='${docdir}'
prefix='NONE'
program_transform_name='s,x,x,'
psdir='${docdir}'
runstatedir='${localstatedir}/run'
sbindir='${exec_prefix}/sbin'
sharedstatedir='${prefix}/com'
sysconfdir='${prefix}/etc'
target_alias=''

## ----------- ##
## confdefs.h. ##
## ----------- ##

/* confdefs.h */
#define PACKAGE_NAME "PHAVerLite"
#define PACKAGE_TARNAME "phaverlite"
#define PACKAGE_VERSION "0.6"
#define PACKAGE_STRING "PHAVerLite 0.6"
#define PACKAGE_BUGREPORT "enea.zaffanella@unipr.it"
#define PACKAGE_URL ""
#define HAVE_CXX17 1
#define PHAVERLITE_NDEBUG 1
#define HAVE_STDIO_H 1
#define HAVE_STDLIB_H 1
#define HAVE_STRING_H 1
#define HAVE_INTTYPES_H 1
#define HAVE_STDINT_H 1
#define HAVE_STRINGS_H 1
#define HAVE_SYS_STAT_H 1
#define HAVE_SYS_TYPES_H 1
#define HAVE_UNISTD_H 1
#define STDC_HEADERS 1
#define HAVE_DLFCN_H 1
#define LT_OBJDIR ".libs/"

configure: exit 1
